#
# There is insufficient memory for the Java Runtime Environment to continue.
# Native memory allocation (mmap) failed to map 138412032 bytes for G1 virtual space
# Possible reasons:
#   The system is out of physical RAM or swap space
#   The process is running with CompressedOops enabled, and the Java Heap may be blocking the growth of the native heap
# Possible solutions:
#   Reduce memory load on the system
#   Increase physical memory or swap space
#   Check if swap backing store is full
#   Decrease Java heap size (-Xmx/-Xms)
#   Decrease number of Java threads
#   Decrease Java thread stack sizes (-Xss)
#   Set larger code cache with -XX:ReservedCodeCacheSize=
#   JVM is running with Unscaled Compressed Oops mode in which the Java heap is
#     placed in the first 4GB address space. The Java Heap base address is the
#     maximum limit for the native heap growth. Please use -XX:HeapBaseMinAddress
#     to set the Java Heap base and to place the Java Heap above 4GB virtual address.
# This output file may be truncated or incomplete.
#
#  Out of Memory Error (os_windows.cpp:3532), pid=14204, tid=12120
#
# JRE version: Java(TM) SE Runtime Environment (17.0.2+8) (build 17.0.2+8-LTS-86)
# Java VM: Java HotSpot(TM) 64-Bit Server VM (17.0.2+8-LTS-86, mixed mode, sharing, tiered, compressed oops, compressed class ptrs, g1 gc, windows-amd64)
# No core dump will be written. Minidumps are not enabled by default on client versions of Windows
#

---------------  S U M M A R Y ------------

Command Line: -XX:MaxMetaspaceSize=512m --add-opens=java.base/java.util=ALL-UNNAMED --add-opens=java.base/java.lang=ALL-UNNAMED --add-opens=java.base/java.lang.invoke=ALL-UNNAMED --add-opens=java.base/java.util=ALL-UNNAMED --add-opens=java.prefs/java.util.prefs=ALL-UNNAMED --add-opens=java.prefs/java.util.prefs=ALL-UNNAMED --add-opens=java.base/java.nio.charset=ALL-UNNAMED --add-opens=java.base/java.net=ALL-UNNAMED --add-opens=java.base/java.util.concurrent.atomic=ALL-UNNAMED -Xmx2048m -Dfile.encoding=windows-1252 -Duser.country=ID -Duser.language=en -Duser.variant org.gradle.launcher.daemon.bootstrap.GradleDaemon 7.5.1

Host: AMD Athlon Silver 3050U with Radeon Graphics   , 2 cores, 3G,  Windows 11 , 64 bit Build 22621 (10.0.22621.3235)
Time: Tue Mar  5 09:09:27 2024 SE Asia Standard Time elapsed time: 108.595640 seconds (0d 0h 1m 48s)

---------------  T H R E A D  ---------------

Current thread (0x00000136c88e40a0):  VMThread "VM Thread" [stack: 0x0000000428700000,0x0000000428800000] [id=12120]

Stack: [0x0000000428700000,0x0000000428800000]
Native frames: (J=compiled Java code, j=interpreted, Vv=VM code, C=native code)
V  [jvm.dll+0x670baa]
V  [jvm.dll+0x7cfcb4]
V  [jvm.dll+0x7d145e]
V  [jvm.dll+0x7d1ac3]
V  [jvm.dll+0x242bc5]
V  [jvm.dll+0x66dac9]
V  [jvm.dll+0x662412]
V  [jvm.dll+0x300c0b]
V  [jvm.dll+0x3081a6]
V  [jvm.dll+0x357d0e]
V  [jvm.dll+0x357f3f]
V  [jvm.dll+0x2d7ec8]
V  [jvm.dll+0x2d6194]
V  [jvm.dll+0x2d579c]
V  [jvm.dll+0x319411]
V  [jvm.dll+0x7d5f9b]
V  [jvm.dll+0x7d6cd4]
V  [jvm.dll+0x7d71ec]
V  [jvm.dll+0x7d75c4]
V  [jvm.dll+0x7d7690]
V  [jvm.dll+0x77ff7a]
V  [jvm.dll+0x66fa35]
C  [ucrtbase.dll+0x29363]
C  [KERNEL32.DLL+0x1257d]
C  [ntdll.dll+0x5aa58]

VM_Operation (0x0000000429bf8b30): G1TryInitiateConcMark, mode: safepoint, requested by thread 0x00000136e7d62580


---------------  P R O C E S S  ---------------

Threads class SMR info:
_java_thread_list=0x00000136ea966db0, length=65, elements={
0x00000136c8839d90, 0x00000136c88eb4f0, 0x00000136c88ec360, 0x00000136c88fdeb0,
0x00000136c88fea60, 0x00000136e5c15490, 0x00000136e5c15e40, 0x00000136e5c16fe0,
0x00000136e5c17a80, 0x00000136e5c88a80, 0x00000136e68548c0, 0x00000136e685adb0,
0x00000136e7d2d370, 0x00000136e81d1010, 0x00000136e7834780, 0x00000136e80afa40,
0x00000136e7699880, 0x00000136e7d62a50, 0x00000136e7d62580, 0x00000136e7d5f090,
0x00000136e7d5ff00, 0x00000136e7d61240, 0x00000136e7d61be0, 0x00000136e7d5f560,
0x00000136e7d5fa30, 0x00000136e7d603d0, 0x00000136e7d608a0, 0x00000136e7d60d70,
0x00000136e7d61710, 0x00000136e819aef0, 0x00000136e8199bb0, 0x00000136e819bd60,
0x00000136e819d570, 0x00000136e819aa20, 0x00000136e819df10, 0x00000136e8198870,
0x00000136e819a550, 0x00000136e819b890, 0x00000136e819cbd0, 0x00000136e8197530,
0x00000136e819e8b0, 0x00000136e819d0a0, 0x00000136e8198d40, 0x00000136e8197060,
0x00000136e8197ed0, 0x00000136e819b3c0, 0x00000136e8197a00, 0x00000136e81996e0,
0x00000136e81983a0, 0x00000136e746f060, 0x00000136e746fed0, 0x00000136e746f530,
0x00000136e7470d40, 0x00000136e74716e0, 0x00000136e74733c0, 0x00000136e746fa00,
0x00000136e7470870, 0x00000136e74703a0, 0x00000136e7471210, 0x00000136e7475a40,
0x00000136e7472ef0, 0x00000136e7472080, 0x00000136e7472550, 0x00000136e7475f10,
0x00000136e74763e0
}

Java Threads: ( => current thread )
  0x00000136c8839d90 JavaThread "main" [_thread_blocked, id=14716, stack(0x0000000428000000,0x0000000428100000)]
  0x00000136c88eb4f0 JavaThread "Reference Handler" daemon [_thread_blocked, id=14908, stack(0x0000000428800000,0x0000000428900000)]
  0x00000136c88ec360 JavaThread "Finalizer" daemon [_thread_blocked, id=15136, stack(0x0000000428900000,0x0000000428a00000)]
  0x00000136c88fdeb0 JavaThread "Signal Dispatcher" daemon [_thread_blocked, id=15120, stack(0x0000000428a00000,0x0000000428b00000)]
  0x00000136c88fea60 JavaThread "Attach Listener" daemon [_thread_blocked, id=12616, stack(0x0000000428b00000,0x0000000428c00000)]
  0x00000136e5c15490 JavaThread "Service Thread" daemon [_thread_blocked, id=14216, stack(0x0000000428c00000,0x0000000428d00000)]
  0x00000136e5c15e40 JavaThread "Monitor Deflation Thread" daemon [_thread_blocked, id=9528, stack(0x0000000428d00000,0x0000000428e00000)]
  0x00000136e5c16fe0 JavaThread "C2 CompilerThread0" daemon [_thread_blocked, id=12968, stack(0x0000000428e00000,0x0000000428f00000)]
  0x00000136e5c17a80 JavaThread "C1 CompilerThread0" daemon [_thread_blocked, id=4348, stack(0x0000000428f00000,0x0000000429000000)]
  0x00000136e5c88a80 JavaThread "Sweeper thread" daemon [_thread_blocked, id=12744, stack(0x0000000429000000,0x0000000429100000)]
  0x00000136e68548c0 JavaThread "Common-Cleaner" daemon [_thread_blocked, id=13076, stack(0x0000000429100000,0x0000000429200000)]
  0x00000136e685adb0 JavaThread "Notification Thread" daemon [_thread_blocked, id=788, stack(0x0000000429200000,0x0000000429300000)]
  0x00000136e7d2d370 JavaThread "Daemon health stats" [_thread_blocked, id=14344, stack(0x0000000429500000,0x0000000429600000)]
  0x00000136e81d1010 JavaThread "Incoming local TCP Connector on port 52099" [_thread_in_native, id=9732, stack(0x0000000429600000,0x0000000429700000)]
  0x00000136e7834780 JavaThread "Daemon periodic checks" [_thread_blocked, id=3480, stack(0x0000000429700000,0x0000000429800000)]
  0x00000136e80afa40 JavaThread "Daemon" [_thread_blocked, id=7108, stack(0x0000000429800000,0x0000000429900000)]
  0x00000136e7699880 JavaThread "Handler for socket connection from /127.0.0.1:52099 to /127.0.0.1:52100" [_thread_in_native, id=15164, stack(0x0000000429900000,0x0000000429a00000)]
  0x00000136e7d62a50 JavaThread "Cancel handler" [_thread_blocked, id=14348, stack(0x0000000429a00000,0x0000000429b00000)]
  0x00000136e7d62580 JavaThread "Daemon worker" [_thread_blocked, id=15064, stack(0x0000000429b00000,0x0000000429c00000)]
  0x00000136e7d5f090 JavaThread "Asynchronous log dispatcher for DefaultDaemonConnection: socket connection from /127.0.0.1:52099 to /127.0.0.1:52100" [_thread_blocked, id=3120, stack(0x0000000429c00000,0x0000000429d00000)]
  0x00000136e7d5ff00 JavaThread "Stdin handler" [_thread_blocked, id=10444, stack(0x0000000429d00000,0x0000000429e00000)]
  0x00000136e7d61240 JavaThread "Daemon client event forwarder" [_thread_blocked, id=9144, stack(0x0000000429e00000,0x0000000429f00000)]
  0x00000136e7d61be0 JavaThread "Cache worker for journal cache (C:\Users\User\.gradle\caches\journal-1)" [_thread_blocked, id=5428, stack(0x0000000429f00000,0x000000042a000000)]
  0x00000136e7d5f560 JavaThread "File lock request listener" [_thread_in_native, id=12204, stack(0x000000042a000000,0x000000042a100000)]
  0x00000136e7d5fa30 JavaThread "Cache worker for file hash cache (C:\Users\User\.gradle\caches\7.5.1\fileHashes)" [_thread_blocked, id=11344, stack(0x000000042a100000,0x000000042a200000)]
  0x00000136e7d603d0 JavaThread "File watcher server" daemon [_thread_in_native, id=8372, stack(0x000000042a200000,0x000000042a300000)]
  0x00000136e7d608a0 JavaThread "File watcher consumer" daemon [_thread_blocked, id=4020, stack(0x000000042a300000,0x000000042a400000)]
  0x00000136e7d60d70 JavaThread "Cache worker for checksums cache (C:\Users\User\Project\Projectnew\android\.gradle\7.5.1\checksums)" [_thread_blocked, id=2512, stack(0x000000042a400000,0x000000042a500000)]
  0x00000136e7d61710 JavaThread "Cache worker for cache directory md-rule (C:\Users\User\.gradle\caches\7.5.1\md-rule)" [_thread_blocked, id=10652, stack(0x000000042a500000,0x000000042a600000)]
  0x00000136e819aef0 JavaThread "Cache worker for file content cache (C:\Users\User\.gradle\caches\7.5.1\fileContent)" [_thread_blocked, id=14320, stack(0x000000042a600000,0x000000042a700000)]
  0x00000136e8199bb0 JavaThread "Cache worker for file hash cache (C:\Users\User\Project\Projectnew\android\.gradle\7.5.1\fileHashes)" [_thread_blocked, id=5896, stack(0x000000042a700000,0x000000042a800000)]
  0x00000136e819bd60 JavaThread "Cache worker for cache directory md-supplier (C:\Users\User\.gradle\caches\7.5.1\md-supplier)" [_thread_blocked, id=11896, stack(0x000000042a800000,0x000000042a900000)]
  0x00000136e819d570 JavaThread "Cache worker for execution history cache (C:\Users\User\.gradle\caches\7.5.1\executionHistory)" [_thread_blocked, id=12360, stack(0x000000042a900000,0x000000042aa00000)]
  0x00000136e819aa20 JavaThread "File lock release action executor Thread 2" [_thread_blocked, id=9916, stack(0x000000042ab00000,0x000000042ac00000)]
  0x00000136e819df10 JavaThread "jar transforms" [_thread_blocked, id=588, stack(0x000000042ac00000,0x000000042ad00000)]
  0x00000136e8198870 JavaThread "jar transforms Thread 2" [_thread_blocked, id=14576, stack(0x000000042ad00000,0x000000042ae00000)]
  0x00000136e819a550 JavaThread "Cache worker for kotlin-dsl (C:\Users\User\.gradle\caches\7.5.1\kotlin-dsl)" [_thread_blocked, id=13508, stack(0x0000000427f00000,0x0000000428000000)]
  0x00000136e819b890 JavaThread "Cache worker for dependencies-accessors (C:\Users\User\Project\Projectnew\android\.gradle\7.5.1\dependencies-accessors)" [_thread_blocked, id=11964, stack(0x0000000428100000,0x0000000428200000)]
  0x00000136e819cbd0 JavaThread "Cache worker for Build Output Cleanup Cache (C:\Users\User\Project\Projectnew\node_modules\react-native-gradle-plugin\.gradle\buildOutputCleanup)" [_thread_blocked, id=7560, stack(0x000000042b000000,0x000000042b100000)]
  0x00000136e8197530 JavaThread "Unconstrained build operations" [_thread_blocked, id=1752, stack(0x000000042aa00000,0x000000042ab00000)]
  0x00000136e819e8b0 JavaThread "Unconstrained build operations Thread 2" [_thread_blocked, id=7360, stack(0x000000042b100000,0x000000042b200000)]
  0x00000136e819d0a0 JavaThread "Unconstrained build operations Thread 3" [_thread_blocked, id=12380, stack(0x000000042b200000,0x000000042b300000)]
  0x00000136e8198d40 JavaThread "Unconstrained build operations Thread 4" [_thread_blocked, id=6232, stack(0x000000042b300000,0x000000042b400000)]
  0x00000136e8197060 JavaThread "Unconstrained build operations Thread 5" [_thread_blocked, id=12600, stack(0x000000042b400000,0x000000042b500000)]
  0x00000136e8197ed0 JavaThread "Unconstrained build operations Thread 6" [_thread_blocked, id=12552, stack(0x000000042b500000,0x000000042b600000)]
  0x00000136e819b3c0 JavaThread "Unconstrained build operations Thread 7" [_thread_blocked, id=7464, stack(0x000000042b600000,0x000000042b700000)]
  0x00000136e8197a00 JavaThread "Unconstrained build operations Thread 8" [_thread_blocked, id=10336, stack(0x000000042b700000,0x000000042b800000)]
  0x00000136e81996e0 JavaThread "Unconstrained build operations Thread 9" [_thread_blocked, id=1644, stack(0x000000042b800000,0x000000042b900000)]
  0x00000136e81983a0 JavaThread "Unconstrained build operations Thread 10" [_thread_blocked, id=1812, stack(0x000000042b900000,0x000000042ba00000)]
  0x00000136e746f060 JavaThread "Unconstrained build operations Thread 11" [_thread_blocked, id=2420, stack(0x000000042ba00000,0x000000042bb00000)]
  0x00000136e746fed0 JavaThread "Unconstrained build operations Thread 12" [_thread_blocked, id=11292, stack(0x000000042bb00000,0x000000042bc00000)]
  0x00000136e746f530 JavaThread "Unconstrained build operations Thread 13" [_thread_blocked, id=10132, stack(0x000000042bc00000,0x000000042bd00000)]
  0x00000136e7470d40 JavaThread "Unconstrained build operations Thread 14" [_thread_blocked, id=10664, stack(0x000000042bd00000,0x000000042be00000)]
  0x00000136e74716e0 JavaThread "Unconstrained build operations Thread 15" [_thread_blocked, id=14144, stack(0x000000042be00000,0x000000042bf00000)]
  0x00000136e74733c0 JavaThread "Unconstrained build operations Thread 16" [_thread_blocked, id=15080, stack(0x000000042bf00000,0x000000042c000000)]
  0x00000136e746fa00 JavaThread "Unconstrained build operations Thread 17" [_thread_blocked, id=10472, stack(0x000000042c000000,0x000000042c100000)]
  0x00000136e7470870 JavaThread "Unconstrained build operations Thread 18" [_thread_blocked, id=8400, stack(0x000000042c100000,0x000000042c200000)]
  0x00000136e74703a0 JavaThread "Unconstrained build operations Thread 19" [_thread_blocked, id=4768, stack(0x000000042c200000,0x000000042c300000)]
  0x00000136e7471210 JavaThread "Unconstrained build operations Thread 20" [_thread_blocked, id=12196, stack(0x000000042c300000,0x000000042c400000)]
  0x00000136e7475a40 JavaThread "build event listener" [_thread_blocked, id=13796, stack(0x000000042c400000,0x000000042c500000)]
  0x00000136e7472ef0 JavaThread "Memory manager" [_thread_blocked, id=10844, stack(0x000000042c500000,0x000000042c600000)]
  0x00000136e7472080 JavaThread "Cache worker for Build Output Cleanup Cache (C:\Users\User\Project\Projectnew\android\.gradle\buildOutputCleanup)" [_thread_blocked, id=13372, stack(0x000000042c600000,0x000000042c700000)]
  0x00000136e7472550 JavaThread "included builds" [_thread_blocked, id=5516, stack(0x000000042c700000,0x000000042c800000)]
  0x00000136e7475f10 JavaThread "Execution worker" [_thread_blocked, id=15204, stack(0x000000042c800000,0x000000042c900000)]
  0x00000136e74763e0 JavaThread "Cache worker for execution history cache (C:\Users\User\Project\Projectnew\node_modules\react-native-gradle-plugin\.gradle\7.5.1\executionHistory)" [_thread_blocked, id=11120, stack(0x000000042c900000,0x000000042ca00000)]

Other Threads:
=>0x00000136c88e40a0 VMThread "VM Thread" [stack: 0x0000000428700000,0x0000000428800000] [id=12120]
  0x00000136e685b280 WatcherThread [stack: 0x0000000429300000,0x0000000429400000] [id=15172]
  0x00000136c88771c0 GCTaskThread "GC Thread#0" [stack: 0x0000000428200000,0x0000000428300000] [id=5108]
  0x00000136e68c7080 GCTaskThread "GC Thread#1" [stack: 0x0000000429400000,0x0000000429500000] [id=11956]
  0x00000136c8888100 ConcurrentGCThread "G1 Main Marker" [stack: 0x0000000428300000,0x0000000428400000] [id=7432]
  0x00000136c8888b10 ConcurrentGCThread "G1 Conc#0" [stack: 0x0000000428400000,0x0000000428500000] [id=12048]
  0x00000136c88bcf60 ConcurrentGCThread "G1 Refine#0" [stack: 0x0000000428500000,0x0000000428600000] [id=7068]
  0x00000136c88bd980 ConcurrentGCThread "G1 Service" [stack: 0x0000000428600000,0x0000000428700000] [id=5484]

Threads with active compile tasks:
C2 CompilerThread0   108668 8635 %     4       java.util.zip.ZipFile$Source::initCEN @ 240 (591 bytes)

VM state: at safepoint (normal execution)

VM Mutex/Monitor currently owned by a thread:  ([mutex/lock_event])
[0x00000136c88336e0] Threads_lock - owner thread: 0x00000136c88e40a0
[0x00000136c88339b0] Heap_lock - owner thread: 0x00000136e7d62580

Heap address: 0x0000000080000000, size: 2048 MB, Compressed Oops mode: 32-bit

CDS archive(s) mapped at: [0x0000000800000000-0x0000000800bc0000-0x0000000800bc0000), size 12320768, SharedBaseAddress: 0x0000000800000000, ArchiveRelocationMode: 0.
Compressed class space mapped at: 0x0000000800c00000-0x000000081a800000, reserved size: 432013312
Narrow klass base: 0x0000000800000000, Narrow klass shift: 0, Narrow klass range: 0x100000000

GC Precious Log:
 CPUs: 2 total, 2 available
 Memory: 3499M
 Large Page Support: Disabled
 NUMA Support: Disabled
 Compressed Oops: Enabled (32-bit)
 Heap Region Size: 1M
 Heap Min Capacity: 8M
 Heap Initial Capacity: 56M
 Heap Max Capacity: 2G
 Pre-touch: Disabled
 Parallel Workers: 2
 Concurrent Workers: 1
 Concurrent Refinement Workers: 2
 Periodic GC: Disabled

Heap:
 garbage-first heap   total 97280K, used 59696K [0x0000000080000000, 0x0000000100000000)
  region size 1024K, 2 young (2048K), 2 survivors (2048K)
 Metaspace       used 60509K, committed 61184K, reserved 479232K
  class space    used 8435K, committed 8704K, reserved 421888K

Heap Regions: E=young(eden), S=young(survivor), O=old, HS=humongous(starts), HC=humongous(continues), CS=collection set, F=free, OA=open archive, CA=closed archive, TAMS=top-at-mark-start (previous, next)
|   0|0x0000000080000000, 0x0000000080100000, 0x0000000080100000|100%| O|  |TAMS 0x0000000080100000, 0x0000000080100000| Untracked 
|   1|0x0000000080100000, 0x0000000080200000, 0x0000000080200000|100%|HS|  |TAMS 0x0000000080200000, 0x0000000080200000| Complete 
|   2|0x0000000080200000, 0x0000000080300000, 0x0000000080300000|100%|HC|  |TAMS 0x0000000080300000, 0x0000000080300000| Complete 
|   3|0x0000000080300000, 0x0000000080400000, 0x0000000080400000|100%|HC|  |TAMS 0x0000000080400000, 0x0000000080400000| Complete 
|   4|0x0000000080400000, 0x0000000080500000, 0x0000000080500000|100%| O|  |TAMS 0x0000000080500000, 0x0000000080500000| Untracked 
|   5|0x0000000080500000, 0x0000000080600000, 0x0000000080600000|100%| O|  |TAMS 0x0000000080600000, 0x0000000080600000| Untracked 
|   6|0x0000000080600000, 0x0000000080700000, 0x0000000080700000|100%| O|  |TAMS 0x0000000080700000, 0x0000000080700000| Untracked 
|   7|0x0000000080700000, 0x0000000080800000, 0x0000000080800000|100%| O|  |TAMS 0x0000000080800000, 0x0000000080800000| Untracked 
|   8|0x0000000080800000, 0x0000000080900000, 0x0000000080900000|100%| O|  |TAMS 0x0000000080900000, 0x0000000080900000| Untracked 
|   9|0x0000000080900000, 0x0000000080a00000, 0x0000000080a00000|100%| O|  |TAMS 0x0000000080a00000, 0x0000000080a00000| Untracked 
|  10|0x0000000080a00000, 0x0000000080b00000, 0x0000000080b00000|100%| O|  |TAMS 0x0000000080b00000, 0x0000000080b00000| Untracked 
|  11|0x0000000080b00000, 0x0000000080c00000, 0x0000000080c00000|100%| O|  |TAMS 0x0000000080c00000, 0x0000000080c00000| Untracked 
|  12|0x0000000080c00000, 0x0000000080d00000, 0x0000000080d00000|100%| O|  |TAMS 0x0000000080d00000, 0x0000000080d00000| Untracked 
|  13|0x0000000080d00000, 0x0000000080e00000, 0x0000000080e00000|100%| O|  |TAMS 0x0000000080e00000, 0x0000000080e00000| Untracked 
|  14|0x0000000080e00000, 0x0000000080f00000, 0x0000000080f00000|100%| O|  |TAMS 0x0000000080f00000, 0x0000000080f00000| Untracked 
|  15|0x0000000080f00000, 0x0000000081000000, 0x0000000081000000|100%| O|  |TAMS 0x0000000081000000, 0x0000000081000000| Untracked 
|  16|0x0000000081000000, 0x0000000081100000, 0x0000000081100000|100%| O|  |TAMS 0x0000000081100000, 0x0000000081100000| Untracked 
|  17|0x0000000081100000, 0x0000000081200000, 0x0000000081200000|100%| O|  |TAMS 0x0000000081200000, 0x0000000081200000| Untracked 
|  18|0x0000000081200000, 0x0000000081300000, 0x0000000081300000|100%| O|  |TAMS 0x0000000081300000, 0x0000000081300000| Untracked 
|  19|0x0000000081300000, 0x0000000081400000, 0x0000000081400000|100%| O|  |TAMS 0x0000000081400000, 0x0000000081400000| Untracked 
|  20|0x0000000081400000, 0x0000000081500000, 0x0000000081500000|100%| O|  |TAMS 0x0000000081500000, 0x0000000081500000| Untracked 
|  21|0x0000000081500000, 0x0000000081600000, 0x0000000081600000|100%| O|  |TAMS 0x0000000081600000, 0x0000000081600000| Untracked 
|  22|0x0000000081600000, 0x0000000081700000, 0x0000000081700000|100%| O|  |TAMS 0x0000000081700000, 0x0000000081700000| Untracked 
|  23|0x0000000081700000, 0x0000000081700000, 0x0000000081800000|  0%| F|  |TAMS 0x0000000081700000, 0x0000000081700000| Untracked 
|  24|0x0000000081800000, 0x0000000081900000, 0x0000000081900000|100%| O|  |TAMS 0x0000000081900000, 0x0000000081900000| Untracked 
|  25|0x0000000081900000, 0x0000000081900000, 0x0000000081a00000|  0%| F|  |TAMS 0x0000000081900000, 0x0000000081900000| Untracked 
|  26|0x0000000081a00000, 0x0000000081b00000, 0x0000000081b00000|100%| O|  |TAMS 0x0000000081b00000, 0x0000000081b00000| Untracked 
|  27|0x0000000081b00000, 0x0000000081c00000, 0x0000000081c00000|100%| O|  |TAMS 0x0000000081c00000, 0x0000000081c00000| Untracked 
|  28|0x0000000081c00000, 0x0000000081d00000, 0x0000000081d00000|100%| O|  |TAMS 0x0000000081d00000, 0x0000000081d00000| Untracked 
|  29|0x0000000081d00000, 0x0000000081e00000, 0x0000000081e00000|100%| O|  |TAMS 0x0000000081e00000, 0x0000000081e00000| Untracked 
|  30|0x0000000081e00000, 0x0000000081f00000, 0x0000000081f00000|100%|HS|  |TAMS 0x0000000081f00000, 0x0000000081f00000| Complete 
|  31|0x0000000081f00000, 0x0000000082000000, 0x0000000082000000|100%| O|  |TAMS 0x0000000082000000, 0x0000000082000000| Untracked 
|  32|0x0000000082000000, 0x0000000082100000, 0x0000000082100000|100%| O|  |TAMS 0x0000000082100000, 0x0000000082100000| Untracked 
|  33|0x0000000082100000, 0x0000000082200000, 0x0000000082200000|100%| O|  |TAMS 0x0000000082200000, 0x0000000082200000| Untracked 
|  34|0x0000000082200000, 0x0000000082300000, 0x0000000082300000|100%| O|  |TAMS 0x0000000082300000, 0x0000000082300000| Untracked 
|  35|0x0000000082300000, 0x0000000082400000, 0x0000000082400000|100%| O|  |TAMS 0x0000000082400000, 0x0000000082400000| Untracked 
|  36|0x0000000082400000, 0x0000000082500000, 0x0000000082500000|100%|HS|  |TAMS 0x0000000082500000, 0x0000000082500000| Complete 
|  37|0x0000000082500000, 0x0000000082600000, 0x0000000082600000|100%|HC|  |TAMS 0x0000000082600000, 0x0000000082600000| Complete 
|  38|0x0000000082600000, 0x0000000082700000, 0x0000000082700000|100%|HC|  |TAMS 0x0000000082700000, 0x0000000082700000| Complete 
|  39|0x0000000082700000, 0x0000000082800000, 0x0000000082800000|100%| O|  |TAMS 0x0000000082800000, 0x0000000082800000| Untracked 
|  40|0x0000000082800000, 0x0000000082900000, 0x0000000082900000|100%| O|  |TAMS 0x0000000082900000, 0x0000000082900000| Untracked 
|  41|0x0000000082900000, 0x0000000082a00000, 0x0000000082a00000|100%| O|  |TAMS 0x0000000082a00000, 0x0000000082a00000| Untracked 
|  42|0x0000000082a00000, 0x0000000082b00000, 0x0000000082b00000|100%| O|  |TAMS 0x0000000082b00000, 0x0000000082b00000| Untracked 
|  43|0x0000000082b00000, 0x0000000082c00000, 0x0000000082c00000|100%| O|  |TAMS 0x0000000082c00000, 0x0000000082c00000| Untracked 
|  44|0x0000000082c00000, 0x0000000082d00000, 0x0000000082d00000|100%| O|  |TAMS 0x0000000082d00000, 0x0000000082d00000| Untracked 
|  45|0x0000000082d00000, 0x0000000082e00000, 0x0000000082e00000|100%| O|  |TAMS 0x0000000082e00000, 0x0000000082e00000| Untracked 
|  46|0x0000000082e00000, 0x0000000082f00000, 0x0000000082f00000|100%| O|  |TAMS 0x0000000082e00000, 0x0000000082f00000| Untracked 
|  47|0x0000000082f00000, 0x0000000083000000, 0x0000000083000000|100%| O|  |TAMS 0x0000000083000000, 0x0000000083000000| Untracked 
|  48|0x0000000083000000, 0x0000000083100000, 0x0000000083100000|100%| O|  |TAMS 0x0000000083100000, 0x0000000083100000| Untracked 
|  49|0x0000000083100000, 0x0000000083200000, 0x0000000083200000|100%| O|  |TAMS 0x0000000083200000, 0x0000000083200000| Untracked 
|  50|0x0000000083200000, 0x0000000083300000, 0x0000000083300000|100%| O|  |TAMS 0x0000000083300000, 0x0000000083300000| Untracked 
|  51|0x0000000083300000, 0x0000000083400000, 0x0000000083400000|100%| O|  |TAMS 0x0000000083400000, 0x0000000083400000| Untracked 
|  52|0x0000000083400000, 0x0000000083500000, 0x0000000083500000|100%| O|  |TAMS 0x0000000083500000, 0x0000000083500000| Untracked 
|  53|0x0000000083500000, 0x0000000083600000, 0x0000000083600000|100%| O|  |TAMS 0x00000000835bb000, 0x0000000083600000| Untracked 
|  54|0x0000000083600000, 0x0000000083700000, 0x0000000083700000|100%| O|  |TAMS 0x0000000083600000, 0x0000000083700000| Untracked 
|  55|0x0000000083700000, 0x0000000083800000, 0x0000000083800000|100%|HS|  |TAMS 0x0000000083700000, 0x0000000083800000| Complete 
|  56|0x0000000083800000, 0x0000000083900000, 0x0000000083900000|100%| O|  |TAMS 0x0000000083800000, 0x0000000083900000| Untracked 
|  57|0x0000000083900000, 0x0000000083a00000, 0x0000000083a00000|100%| O|  |TAMS 0x0000000083900000, 0x0000000083a00000| Untracked 
|  58|0x0000000083a00000, 0x0000000083b00000, 0x0000000083b00000|100%| O|  |TAMS 0x0000000083a00000, 0x0000000083b00000| Untracked 
|  59|0x0000000083b00000, 0x0000000083b00000, 0x0000000083c00000|  0%| F|  |TAMS 0x0000000083b00000, 0x0000000083b00000| Untracked 
|  60|0x0000000083c00000, 0x0000000083c00000, 0x0000000083d00000|  0%| F|  |TAMS 0x0000000083c00000, 0x0000000083c00000| Untracked 
|  61|0x0000000083d00000, 0x0000000083d00000, 0x0000000083e00000|  0%| F|  |TAMS 0x0000000083d00000, 0x0000000083d00000| Untracked 
|  62|0x0000000083e00000, 0x0000000083e00000, 0x0000000083f00000|  0%| F|  |TAMS 0x0000000083e00000, 0x0000000083e00000| Untracked 
|  63|0x0000000083f00000, 0x0000000083f00000, 0x0000000084000000|  0%| F|  |TAMS 0x0000000083f00000, 0x0000000083f00000| Untracked 
|  64|0x0000000084000000, 0x0000000084000000, 0x0000000084100000|  0%| F|  |TAMS 0x0000000084000000, 0x0000000084000000| Untracked 
|  65|0x0000000084100000, 0x0000000084100000, 0x0000000084200000|  0%| F|  |TAMS 0x0000000084100000, 0x0000000084100000| Untracked 
|  66|0x0000000084200000, 0x0000000084200000, 0x0000000084300000|  0%| F|  |TAMS 0x0000000084200000, 0x0000000084200000| Untracked 
|  67|0x0000000084300000, 0x0000000084300000, 0x0000000084400000|  0%| F|  |TAMS 0x0000000084300000, 0x0000000084300000| Untracked 
|  68|0x0000000084400000, 0x0000000084400000, 0x0000000084500000|  0%| F|  |TAMS 0x0000000084400000, 0x0000000084400000| Untracked 
|  69|0x0000000084500000, 0x0000000084500000, 0x0000000084600000|  0%| F|  |TAMS 0x0000000084500000, 0x0000000084500000| Untracked 
|  70|0x0000000084600000, 0x0000000084600000, 0x0000000084700000|  0%| F|  |TAMS 0x0000000084600000, 0x0000000084600000| Untracked 
|  71|0x0000000084700000, 0x0000000084700000, 0x0000000084800000|  0%| F|  |TAMS 0x0000000084700000, 0x0000000084700000| Untracked 
|  72|0x0000000084800000, 0x0000000084800000, 0x0000000084900000|  0%| F|  |TAMS 0x0000000084800000, 0x0000000084800000| Untracked 
|  73|0x0000000084900000, 0x0000000084900000, 0x0000000084a00000|  0%| F|  |TAMS 0x0000000084900000, 0x0000000084900000| Untracked 
|  74|0x0000000084a00000, 0x0000000084a00000, 0x0000000084b00000|  0%| F|  |TAMS 0x0000000084a00000, 0x0000000084a00000| Untracked 
|  75|0x0000000084b00000, 0x0000000084b00000, 0x0000000084c00000|  0%| F|  |TAMS 0x0000000084b00000, 0x0000000084b00000| Untracked 
|  76|0x0000000084c00000, 0x0000000084c00000, 0x0000000084d00000|  0%| F|  |TAMS 0x0000000084c00000, 0x0000000084c00000| Untracked 
|  77|0x0000000084d00000, 0x0000000084d00000, 0x0000000084e00000|  0%| F|  |TAMS 0x0000000084d00000, 0x0000000084d00000| Untracked 
|  78|0x0000000084e00000, 0x0000000084e00000, 0x0000000084f00000|  0%| F|  |TAMS 0x0000000084e00000, 0x0000000084e00000| Untracked 
|  79|0x0000000084f00000, 0x0000000084f00000, 0x0000000085000000|  0%| F|  |TAMS 0x0000000084f00000, 0x0000000084f00000| Untracked 
|  80|0x0000000085000000, 0x0000000085000000, 0x0000000085100000|  0%| F|  |TAMS 0x0000000085000000, 0x0000000085000000| Untracked 
|  81|0x0000000085100000, 0x0000000085100000, 0x0000000085200000|  0%| F|  |TAMS 0x0000000085100000, 0x0000000085100000| Untracked 
|  82|0x0000000085200000, 0x0000000085200000, 0x0000000085300000|  0%| F|  |TAMS 0x0000000085200000, 0x0000000085200000| Untracked 
|  83|0x0000000085300000, 0x0000000085300000, 0x0000000085400000|  0%| F|  |TAMS 0x0000000085300000, 0x0000000085300000| Untracked 
|  84|0x0000000085400000, 0x0000000085400000, 0x0000000085500000|  0%| F|  |TAMS 0x0000000085400000, 0x0000000085400000| Untracked 
|  85|0x0000000085500000, 0x0000000085500000, 0x0000000085600000|  0%| F|  |TAMS 0x0000000085500000, 0x0000000085500000| Untracked 
|  86|0x0000000085600000, 0x0000000085600000, 0x0000000085700000|  0%| F|  |TAMS 0x0000000085600000, 0x0000000085600000| Untracked 
|  87|0x0000000085700000, 0x0000000085700000, 0x0000000085800000|  0%| F|  |TAMS 0x0000000085700000, 0x0000000085700000| Untracked 
|  88|0x0000000085800000, 0x0000000085800000, 0x0000000085900000|  0%| F|  |TAMS 0x0000000085800000, 0x0000000085800000| Untracked 
|  89|0x0000000085900000, 0x0000000085900000, 0x0000000085a00000|  0%| F|  |TAMS 0x0000000085900000, 0x0000000085900000| Untracked 
|  90|0x0000000085a00000, 0x0000000085a00000, 0x0000000085b00000|  0%| F|  |TAMS 0x0000000085a00000, 0x0000000085a00000| Untracked 
|  91|0x0000000085b00000, 0x0000000085b4c2e0, 0x0000000085c00000| 29%| S|CS|TAMS 0x0000000085b00000, 0x0000000085b00000| Complete 
|  92|0x0000000085c00000, 0x0000000085c00000, 0x0000000085d00000|  0%| F|  |TAMS 0x0000000085c00000, 0x0000000085c00000| Untracked 
|  93|0x0000000085d00000, 0x0000000085e00000, 0x0000000085e00000|100%| S|CS|TAMS 0x0000000085d00000, 0x0000000085d00000| Complete 
|  94|0x0000000085e00000, 0x0000000085e00000, 0x0000000085f00000|  0%| F|  |TAMS 0x0000000085e00000, 0x0000000085e00000| Untracked 

Card table byte_map: [0x00000136df080000,0x00000136df480000] _byte_map_base: 0x00000136dec80000

Marking Bits (Prev, Next): (CMBitMap*) 0x00000136c88777d0, (CMBitMap*) 0x00000136c8877810
 Prev Bits: [0x00000136df880000, 0x00000136e1880000)
 Next Bits: [0x00000136e1880000, 0x00000136e3880000)

Polling page: 0x00000136c6620000

Metaspace:

Usage:
  Non-class:     50.85 MB used.
      Class:      8.24 MB used.
       Both:     59.09 MB used.

Virtual space:
  Non-class space:       56.00 MB reserved,      51.25 MB ( 92%) committed,  7 nodes.
      Class space:      412.00 MB reserved,       8.50 MB (  2%) committed,  1 nodes.
             Both:      468.00 MB reserved,      59.75 MB ( 13%) committed. 

Chunk freelists:
   Non-Class:  376.00 KB
       Class:  3.44 MB
        Both:  3.81 MB

MaxMetaspaceSize: 512.00 MB
CompressedClassSpaceSize: 412.00 MB
Initial GC threshold: 21.00 MB
Current GC threshold: 98.88 MB
CDS: on
MetaspaceReclaimPolicy: balanced
 - commit_granule_bytes: 65536.
 - commit_granule_words: 8192.
 - virtual_space_node_default_size: 1048576.
 - enlarge_chunks_in_place: 1.
 - new_chunks_are_fully_committed: 0.
 - uncommit_free_chunks: 1.
 - use_allocation_guard: 0.
 - handle_deallocations: 1.


Internal statistics:

num_allocs_failed_limit: 3.
num_arena_births: 758.
num_arena_deaths: 0.
num_vsnodes_births: 8.
num_vsnodes_deaths: 0.
num_space_committed: 956.
num_space_uncommitted: 0.
num_chunks_returned_to_freelist: 3.
num_chunks_taken_from_freelist: 3204.
num_chunk_merges: 3.
num_chunk_splits: 2106.
num_chunks_enlarged: 1415.
num_purges: 0.
num_inconsistent_stats: 0.

CodeHeap 'non-profiled nmethods': size=120064Kb used=4369Kb max_used=4369Kb free=115694Kb
 bounds [0x00000136d7b40000, 0x00000136d7f90000, 0x00000136df080000]
CodeHeap 'profiled nmethods': size=120000Kb used=15765Kb max_used=15765Kb free=104234Kb
 bounds [0x00000136d0610000, 0x00000136d1580000, 0x00000136d7b40000]
CodeHeap 'non-nmethods': size=5696Kb used=2364Kb max_used=2398Kb free=3331Kb
 bounds [0x00000136d0080000, 0x00000136d02f0000, 0x00000136d0610000]
 total_blobs=8720 nmethods=7828 adapters=804
 compilation: enabled
              stopped_count=0, restarted_count=0
 full_count=0

Compilation events (20 events):
Event: 108.473 Thread 0x00000136e5c17a80 8626       3       groovyjarjarasm.asm.Frame::<init> (10 bytes)
Event: 108.473 Thread 0x00000136e5c17a80 nmethod 8626 0x00000136d1570b10 code [0x00000136d1570ca0, 0x00000136d1570e58]
Event: 108.474 Thread 0x00000136e5c17a80 8627       3       groovyjarjarasm.asm.MethodWriter::visitLabel (328 bytes)
Event: 108.475 Thread 0x00000136e5c17a80 nmethod 8627 0x00000136d1570f10 code [0x00000136d1571180, 0x00000136d1571f08]
Event: 108.475 Thread 0x00000136e5c17a80 8628       3       groovyjarjarasm.asm.SymbolTable::addConstantMemberReference (147 bytes)
Event: 108.476 Thread 0x00000136e5c17a80 nmethod 8628 0x00000136d1572190 code [0x00000136d1572400, 0x00000136d1572ce8]
Event: 108.476 Thread 0x00000136e5c17a80 8629       3       groovyjarjarasm.asm.SymbolTable::hash (20 bytes)
Event: 108.476 Thread 0x00000136e5c17a80 nmethod 8629 0x00000136d1573210 code [0x00000136d15733c0, 0x00000136d1573588]
Event: 108.482 Thread 0x00000136e5c16fe0 nmethod 8624 0x00000136d7f83910 code [0x00000136d7f83ae0, 0x00000136d7f841b8]
Event: 108.483 Thread 0x00000136e5c17a80 8630       3       java.util.stream.Nodes$SpinedNodeBuilder::build (25 bytes)
Event: 108.483 Thread 0x00000136e5c17a80 nmethod 8630 0x00000136d1573710 code [0x00000136d15738a0, 0x00000136d15739b8]
Event: 108.483 Thread 0x00000136e5c17a80 8631       3       java.util.stream.Nodes$SpinedNodeBuilder::asArray (29 bytes)
Event: 108.483 Thread 0x00000136e5c17a80 nmethod 8631 0x00000136d1573a90 code [0x00000136d1573c40, 0x00000136d1573d88]
Event: 108.483 Thread 0x00000136e5c17a80 8632       3       java.util.stream.Nodes$SpinedNodeBuilder::copyInto (30 bytes)
Event: 108.483 Thread 0x00000136e5c17a80 nmethod 8632 0x00000136d1573e10 code [0x00000136d1573fc0, 0x00000136d1574108]
Event: 108.486 Thread 0x00000136e5c17a80 8633       3       java.util.LinkedList::addAll (182 bytes)
Event: 108.487 Thread 0x00000136e5c17a80 nmethod 8633 0x00000136d1574190 code [0x00000136d15743e0, 0x00000136d1574f18]
Event: 108.489 Thread 0x00000136e5c17a80 8634       3       org.gradle.internal.reflect.JavaPropertyReflectionUtil::getAnnotation (7 bytes)
Event: 108.489 Thread 0x00000136e5c17a80 nmethod 8634 0x00000136d1575390 code [0x00000136d1575520, 0x00000136d1575648]
Event: 108.500 Thread 0x00000136e5c16fe0 8635 %     4       java.util.zip.ZipFile$Source::initCEN @ 240 (591 bytes)

GC Heap History (20 events):
Event: 93.761 GC heap after
{Heap after GC invocations=45 (full 0):
 garbage-first heap   total 86016K, used 48540K [0x0000000080000000, 0x0000000100000000)
  region size 1024K, 1 young (1024K), 1 survivors (1024K)
 Metaspace       used 52291K, committed 52864K, reserved 471040K
  class space    used 7299K, committed 7552K, reserved 421888K
}
Event: 96.046 GC heap before
{Heap before GC invocations=45 (full 0):
 garbage-first heap   total 86016K, used 67996K [0x0000000080000000, 0x0000000100000000)
  region size 1024K, 20 young (20480K), 1 survivors (1024K)
 Metaspace       used 54286K, committed 54912K, reserved 471040K
  class space    used 7575K, committed 7872K, reserved 421888K
}
Event: 96.050 GC heap after
{Heap after GC invocations=46 (full 0):
 garbage-first heap   total 86016K, used 49004K [0x0000000080000000, 0x0000000100000000)
  region size 1024K, 1 young (1024K), 1 survivors (1024K)
 Metaspace       used 54286K, committed 54912K, reserved 471040K
  class space    used 7575K, committed 7872K, reserved 421888K
}
Event: 97.397 GC heap before
{Heap before GC invocations=47 (full 0):
 garbage-first heap   total 86016K, used 68607K [0x0000000080000000, 0x0000000100000000)
  region size 1024K, 21 young (21504K), 1 survivors (1024K)
 Metaspace       used 55268K, committed 55936K, reserved 471040K
  class space    used 7744K, committed 8064K, reserved 421888K
}
Event: 97.404 GC heap after
{Heap after GC invocations=48 (full 0):
 garbage-first heap   total 86016K, used 49976K [0x0000000080000000, 0x0000000100000000)
  region size 1024K, 3 young (3072K), 3 survivors (3072K)
 Metaspace       used 55268K, committed 55936K, reserved 471040K
  class space    used 7744K, committed 8064K, reserved 421888K
}
Event: 97.434 GC heap before
{Heap before GC invocations=48 (full 0):
 garbage-first heap   total 86016K, used 51000K [0x0000000080000000, 0x0000000100000000)
  region size 1024K, 4 young (4096K), 3 survivors (3072K)
 Metaspace       used 55367K, committed 56000K, reserved 471040K
  class space    used 7754K, committed 8064K, reserved 421888K
}
Event: 97.443 GC heap after
{Heap after GC invocations=49 (full 0):
 garbage-first heap   total 86016K, used 49752K [0x0000000080000000, 0x0000000100000000)
  region size 1024K, 1 young (1024K), 1 survivors (1024K)
 Metaspace       used 55367K, committed 56000K, reserved 471040K
  class space    used 7754K, committed 8064K, reserved 421888K
}
Event: 102.803 GC heap before
{Heap before GC invocations=49 (full 0):
 garbage-first heap   total 86016K, used 69208K [0x0000000080000000, 0x0000000100000000)
  region size 1024K, 20 young (20480K), 1 survivors (1024K)
 Metaspace       used 56579K, committed 57216K, reserved 471040K
  class space    used 7898K, committed 8192K, reserved 421888K
}
Event: 102.810 GC heap after
{Heap after GC invocations=50 (full 0):
 garbage-first heap   total 86016K, used 52034K [0x0000000080000000, 0x0000000100000000)
  region size 1024K, 3 young (3072K), 3 survivors (3072K)
 Metaspace       used 56579K, committed 57216K, reserved 471040K
  class space    used 7898K, committed 8192K, reserved 421888K
}
Event: 104.584 GC heap before
{Heap before GC invocations=51 (full 0):
 garbage-first heap   total 91136K, used 68418K [0x0000000080000000, 0x0000000100000000)
  region size 1024K, 20 young (20480K), 3 survivors (3072K)
 Metaspace       used 58090K, committed 58752K, reserved 479232K
  class space    used 8144K, committed 8448K, reserved 421888K
}
Event: 104.597 GC heap after
{Heap after GC invocations=52 (full 0):
 garbage-first heap   total 91136K, used 54580K [0x0000000080000000, 0x0000000100000000)
  region size 1024K, 3 young (3072K), 3 survivors (3072K)
 Metaspace       used 58090K, committed 58752K, reserved 479232K
  class space    used 8144K, committed 8448K, reserved 421888K
}
Event: 104.623 GC heap before
{Heap before GC invocations=52 (full 0):
 garbage-first heap   total 91136K, used 55604K [0x0000000080000000, 0x0000000100000000)
  region size 1024K, 4 young (4096K), 3 survivors (3072K)
 Metaspace       used 58149K, committed 58816K, reserved 479232K
  class space    used 8147K, committed 8448K, reserved 421888K
}
Event: 104.630 GC heap after
{Heap after GC invocations=53 (full 0):
 garbage-first heap   total 91136K, used 54504K [0x0000000080000000, 0x0000000100000000)
  region size 1024K, 1 young (1024K), 1 survivors (1024K)
 Metaspace       used 58149K, committed 58816K, reserved 479232K
  class space    used 8147K, committed 8448K, reserved 421888K
}
Event: 106.507 GC heap before
{Heap before GC invocations=53 (full 0):
 garbage-first heap   total 91136K, used 72936K [0x0000000080000000, 0x0000000100000000)
  region size 1024K, 19 young (19456K), 1 survivors (1024K)
 Metaspace       used 60111K, committed 60736K, reserved 479232K
  class space    used 8382K, committed 8640K, reserved 421888K
}
Event: 106.513 GC heap after
{Heap after GC invocations=54 (full 0):
 garbage-first heap   total 91136K, used 56813K [0x0000000080000000, 0x0000000100000000)
  region size 1024K, 3 young (3072K), 3 survivors (3072K)
 Metaspace       used 60111K, committed 60736K, reserved 479232K
  class space    used 8382K, committed 8640K, reserved 421888K
}
Event: 108.365 GC heap before
{Heap before GC invocations=55 (full 0):
 garbage-first heap   total 97280K, used 72173K [0x0000000080000000, 0x0000000100000000)
  region size 1024K, 19 young (19456K), 3 survivors (3072K)
 Metaspace       used 60460K, committed 61056K, reserved 479232K
  class space    used 8428K, committed 8704K, reserved 421888K
}
Event: 108.378 GC heap after
{Heap after GC invocations=56 (full 0):
 garbage-first heap   total 97280K, used 58368K [0x0000000080000000, 0x0000000100000000)
  region size 1024K, 2 young (2048K), 2 survivors (2048K)
 Metaspace       used 60460K, committed 61056K, reserved 479232K
  class space    used 8428K, committed 8704K, reserved 421888K
}
Event: 108.549 GC heap before
{Heap before GC invocations=56 (full 0):
 garbage-first heap   total 97280K, used 60416K [0x0000000080000000, 0x0000000100000000)
  region size 1024K, 4 young (4096K), 2 survivors (2048K)
 Metaspace       used 60509K, committed 61184K, reserved 479232K
  class space    used 8435K, committed 8704K, reserved 421888K
}
Event: 108.571 GC heap after
{Heap after GC invocations=57 (full 0):
 garbage-first heap   total 97280K, used 59031K [0x0000000080000000, 0x0000000100000000)
  region size 1024K, 1 young (1024K), 1 survivors (1024K)
 Metaspace       used 60509K, committed 61184K, reserved 479232K
  class space    used 8435K, committed 8704K, reserved 421888K
}
Event: 108.585 GC heap before
{Heap before GC invocations=57 (full 0):
 garbage-first heap   total 97280K, used 59031K [0x0000000080000000, 0x0000000100000000)
  region size 1024K, 2 young (2048K), 1 survivors (1024K)
 Metaspace       used 60509K, committed 61184K, reserved 479232K
  class space    used 8435K, committed 8704K, reserved 421888K
}

Deoptimization events (20 events):
Event: 106.724 Thread 0x00000136e7472550 DEOPT PACKING pc=0x00000136d7d7fb80 sp=0x000000042c7fd1d0
Event: 106.724 Thread 0x00000136e7472550 DEOPT UNPACKING pc=0x00000136d00d23a3 sp=0x000000042c7fd168 mode 2
Event: 106.731 Thread 0x00000136e74763e0 Uncommon trap: trap_request=0xffffffc6 fr.pc=0x00000136d7def494 relative=0x00000000000009f4
Event: 106.731 Thread 0x00000136e74763e0 Uncommon trap: reason=bimorphic_or_optimized_type_check action=maybe_recompile pc=0x00000136d7def494 method=java.io.BufferedInputStream.read1([BII)I @ 39 c2
Event: 106.731 Thread 0x00000136e74763e0 DEOPT PACKING pc=0x00000136d7def494 sp=0x000000042c9fdeb0
Event: 106.731 Thread 0x00000136e74763e0 DEOPT UNPACKING pc=0x00000136d00d23a3 sp=0x000000042c9fddc8 mode 2
Event: 107.043 Thread 0x00000136e74716e0 DEOPT PACKING pc=0x00000136d09ff9dc sp=0x000000042befd420
Event: 107.043 Thread 0x00000136e74716e0 DEOPT UNPACKING pc=0x00000136d00d2b43 sp=0x000000042befc9a0 mode 0
Event: 108.362 Thread 0x00000136e7d62580 DEOPT PACKING pc=0x00000136d0617459 sp=0x0000000429bf92b0
Event: 108.362 Thread 0x00000136e7d62580 DEOPT UNPACKING pc=0x00000136d00d2b43 sp=0x0000000429bf87a8 mode 0
Event: 108.388 Thread 0x00000136e7d62580 Uncommon trap: trap_request=0xffffffc6 fr.pc=0x00000136d7f06bb4 relative=0x0000000000002f34
Event: 108.388 Thread 0x00000136e7d62580 Uncommon trap: reason=bimorphic_or_optimized_type_check action=maybe_recompile pc=0x00000136d7f06bb4 method=java.util.AbstractCollection.addAll(Ljava/util/Collection;)Z @ 29 c2
Event: 108.388 Thread 0x00000136e7d62580 DEOPT PACKING pc=0x00000136d7f06bb4 sp=0x0000000429bfb7a0
Event: 108.388 Thread 0x00000136e7d62580 DEOPT UNPACKING pc=0x00000136d00d23a3 sp=0x0000000429bfb7a0 mode 2
Event: 108.410 Thread 0x00000136e7d62580 DEOPT PACKING pc=0x00000136d0fa171d sp=0x0000000429bf9980
Event: 108.410 Thread 0x00000136e7d62580 DEOPT UNPACKING pc=0x00000136d00d2b43 sp=0x0000000429bf8ea8 mode 0
Event: 108.484 Thread 0x00000136e7d62580 Uncommon trap: trap_request=0xffffffc6 fr.pc=0x00000136d7c92884 relative=0x0000000000000244
Event: 108.484 Thread 0x00000136e7d62580 Uncommon trap: reason=bimorphic_or_optimized_type_check action=maybe_recompile pc=0x00000136d7c92884 method=com.google.common.base.CharMatcher.indexIn(Ljava/lang/CharSequence;I)I @ 31 c2
Event: 108.484 Thread 0x00000136e7d62580 DEOPT PACKING pc=0x00000136d7c92884 sp=0x0000000429bf7b70
Event: 108.484 Thread 0x00000136e7d62580 DEOPT UNPACKING pc=0x00000136d00d23a3 sp=0x0000000429bf7b18 mode 2

Classes unloaded (0 events):
No events

Classes redefined (0 events):
No events

Internal exceptions (20 events):
Event: 96.322 Thread 0x00000136e7d62580 Exception <a 'java/lang/ClassNotFoundException'{0x0000000084d84110}: org/gradle/api/internal/DefaultNamedDomainObjectCollectionCustomizer> (0x0000000084d84110) 
thrown [t:\workspace\open\src\hotspot\share\classfile\systemDictionary.cpp, line 256]
Event: 96.325 Thread 0x00000136e7d62580 Exception <a 'java/lang/ClassNotFoundException'{0x0000000084dbf540}: org/gradle/api/internal/DefaultNamedDomainObjectListCustomizer> (0x0000000084dbf540) 
thrown [t:\workspace\open\src\hotspot\share\classfile\systemDictionary.cpp, line 256]
Event: 96.327 Thread 0x00000136e7d62580 Exception <a 'java/lang/ClassNotFoundException'{0x0000000084def230}: org/gradle/api/internal/artifacts/DefaultArtifactRepositoryContainerCustomizer> (0x0000000084def230) 
thrown [t:\workspace\open\src\hotspot\share\classfile\systemDictionary.cpp, line 256]
Event: 96.328 Thread 0x00000136e7d62580 Exception <a 'java/lang/ClassNotFoundException'{0x0000000084c170c0}: org/gradle/api/internal/artifacts/dsl/DefaultRepositoryHandlerCustomizer> (0x0000000084c170c0) 
thrown [t:\workspace\open\src\hotspot\share\classfile\systemDictionary.cpp, line 256]
Event: 96.332 Thread 0x00000136e7d62580 Exception <a 'java/lang/ClassNotFoundException'{0x0000000084c4c240}: org/gradle/api/internal/artifacts/dsl/DefaultRepositoryHandler_DecoratedCustomizer> (0x0000000084c4c240) 
thrown [t:\workspace\open\src\hotspot\share\classfile\systemDictionary.cpp, line 256]
Event: 96.397 Thread 0x00000136e7d62580 Exception <a 'java/lang/ClassNotFoundException'{0x0000000084ce0af8}: org/gradle/api/internal/artifacts/dsl/dependencies/DefaultDependencyHandler_DecoratedBeanInfo> (0x0000000084ce0af8) 
thrown [t:\workspace\open\src\hotspot\share\classfile\systemDictionary.cpp, line 256]
Event: 96.398 Thread 0x00000136e7d62580 Exception <a 'java/lang/ClassNotFoundException'{0x0000000084cf5af0}: org/gradle/api/internal/artifacts/dsl/dependencies/DefaultDependencyHandlerBeanInfo> (0x0000000084cf5af0) 
thrown [t:\workspace\open\src\hotspot\share\classfile\systemDictionary.cpp, line 256]
Event: 96.399 Thread 0x00000136e7d62580 Exception <a 'java/lang/ClassNotFoundException'{0x0000000084b0b288}: org/gradle/api/internal/artifacts/dsl/dependencies/DefaultDependencyHandlerCustomizer> (0x0000000084b0b288) 
thrown [t:\workspace\open\src\hotspot\share\classfile\systemDictionary.cpp, line 256]
Event: 96.410 Thread 0x00000136e7d62580 Exception <a 'java/lang/ClassNotFoundException'{0x0000000084b48da8}: org/gradle/api/internal/artifacts/dsl/dependencies/DefaultDependencyHandler_DecoratedCustomizer> (0x0000000084b48da8) 
thrown [t:\workspace\open\src\hotspot\share\classfile\systemDictionary.cpp, line 256]
Event: 96.785 Thread 0x00000136e7d62580 Exception <a 'java/lang/NoSuchMethodError'{0x0000000084675578}: 'java.lang.Object java.lang.invoke.DirectMethodHandle$Holder.newInvokeSpecial(java.lang.Object, java.lang.Object, int)'> (0x0000000084675578) 
thrown [t:\workspace\open\src\hotspot\share\interpreter\linkResolver.cpp, line 766]
Event: 103.705 Thread 0x00000136e7472550 Exception <a 'java/lang/NoSuchMethodError'{0x00000000854c9af0}: 'java.lang.Object java.lang.invoke.Invokers$Holder.linkToTargetMethod(java.lang.Object, java.lang.Object, java.lang.Object, int, java.lang.Object, java.lang.Object)'> (0x00000000854c9af0) 
thrown [t:\workspace\open\src\hotspot\share\interpreter\linkResolver.cpp, line 766]
Event: 103.884 Thread 0x00000136e7472550 Implicit null exception at 0x00000136d7d2b4d7 to 0x00000136d7d2b68c
Event: 103.940 Thread 0x00000136e7472550 Exception <a 'java/lang/NoSuchMethodError'{0x00000000850e9910}: 'int java.lang.invoke.DirectMethodHandle$Holder.invokeSpecial(java.lang.Object, java.lang.Object, java.lang.Object, java.lang.Object, java.lang.Object)'> (0x00000000850e9910) 
thrown [t:\workspace\open\src\hotspot\share\interpreter\linkResolver.cpp, line 766]
Event: 106.713 Thread 0x00000136e7472550 Exception <a 'java/lang/NoSuchMethodError'{0x0000000085e2f318}: 'void java.lang.invoke.DirectMethodHandle$Holder.invokeInterface(java.lang.Object, java.lang.Object, java.lang.Object, java.lang.Object)'> (0x0000000085e2f318) 
thrown [t:\workspace\open\src\hotspot\share\interpreter\linkResolver.cpp, line 766]
Event: 108.465 Thread 0x00000136e7d62580 Exception <a 'java/lang/ClassNotFoundException'{0x0000000085eb4e48}: build_7yxdz6j5t8mzz613i1jpnm7z1BeanInfo> (0x0000000085eb4e48) 
thrown [t:\workspace\open\src\hotspot\share\classfile\systemDictionary.cpp, line 256]
Event: 108.465 Thread 0x00000136e7d62580 Exception <a 'java/lang/ClassNotFoundException'{0x0000000085ebbbf8}: build_7yxdz6j5t8mzz613i1jpnm7z1Customizer> (0x0000000085ebbbf8) 
thrown [t:\workspace\open\src\hotspot\share\classfile\systemDictionary.cpp, line 256]
Event: 108.479 Thread 0x00000136e7d62580 Exception <a 'java/lang/ClassNotFoundException'{0x0000000085d12cd8}: org/gradle/plugin/use/internal/PluginRequestCollector$PluginDependenciesSpecImplBeanInfo> (0x0000000085d12cd8) 
thrown [t:\workspace\open\src\hotspot\share\classfile\systemDictionary.cpp, line 256]
Event: 108.481 Thread 0x00000136e7d62580 Exception <a 'java/lang/ClassNotFoundException'{0x0000000085d25170}: org/gradle/plugin/use/internal/PluginRequestCollector$PluginDependenciesSpecImplCustomizer> (0x0000000085d25170) 
thrown [t:\workspace\open\src\hotspot\share\classfile\systemDictionary.cpp, line 256]
Event: 108.485 Thread 0x00000136e7d62580 Exception <a 'java/lang/ClassNotFoundException'{0x0000000085d521a0}: org/gradle/plugin/use/internal/PluginRequestCollector$PluginDependencySpecImplBeanInfo> (0x0000000085d521a0) 
thrown [t:\workspace\open\src\hotspot\share\classfile\systemDictionary.cpp, line 256]
Event: 108.486 Thread 0x00000136e7d62580 Exception <a 'java/lang/ClassNotFoundException'{0x0000000085d645c0}: org/gradle/plugin/use/internal/PluginRequestCollector$PluginDependencySpecImplCustomizer> (0x0000000085d645c0) 
thrown [t:\workspace\open\src\hotspot\share\classfile\systemDictionary.cpp, line 256]

VM Operations (20 events):
Event: 105.658 Executing VM operation: Cleanup done
Event: 106.489 Executing VM operation: HandshakeAllThreads
Event: 106.490 Executing VM operation: HandshakeAllThreads done
Event: 106.506 Executing VM operation: G1CollectForAllocation
Event: 106.516 Executing VM operation: G1CollectForAllocation done
Event: 106.595 Executing VM operation: G1Concurrent
Event: 106.627 Executing VM operation: G1Concurrent done
Event: 106.660 Executing VM operation: G1Concurrent
Event: 106.661 Executing VM operation: G1Concurrent done
Event: 106.721 Executing VM operation: ICBufferFull
Event: 106.721 Executing VM operation: ICBufferFull done
Event: 106.888 Executing VM operation: ICBufferFull
Event: 106.888 Executing VM operation: ICBufferFull done
Event: 107.650 Executing VM operation: ICBufferFull
Event: 107.650 Executing VM operation: ICBufferFull done
Event: 108.365 Executing VM operation: G1CollectForAllocation
Event: 108.378 Executing VM operation: G1CollectForAllocation done
Event: 108.549 Executing VM operation: G1CollectForAllocation
Event: 108.571 Executing VM operation: G1CollectForAllocation done
Event: 108.584 Executing VM operation: G1TryInitiateConcMark

Events (20 events):
Event: 98.625 Thread 0x00000136e5c88a80 flushing nmethod 0x00000136d0fdf010
Event: 101.571 loading class java/util/TreeMap$DescendingSubMap
Event: 101.572 loading class java/util/TreeMap$NavigableSubMap
Event: 101.572 loading class java/util/TreeMap$NavigableSubMap done
Event: 101.572 loading class java/util/TreeMap$DescendingSubMap done
Event: 101.572 loading class java/util/TreeMap$NavigableSubMap$DescendingSubMapKeyIterator
Event: 101.573 loading class java/util/TreeMap$NavigableSubMap$SubMapIterator
Event: 101.573 loading class java/util/TreeMap$NavigableSubMap$SubMapIterator done
Event: 101.573 loading class java/util/TreeMap$NavigableSubMap$DescendingSubMapKeyIterator done
Event: 103.607 Thread 0x00000136e7472550 Thread added: 0x00000136e7472550
Event: 103.676 Thread 0x00000136e7475f10 Thread added: 0x00000136e7475f10
Event: 103.731 Thread 0x00000136e74763e0 Thread added: 0x00000136e74763e0
Event: 103.763 loading class java/util/TreeMap$KeySpliterator
Event: 103.763 loading class java/util/TreeMap$TreeMapSpliterator
Event: 103.764 loading class java/util/TreeMap$TreeMapSpliterator done
Event: 103.764 loading class java/util/TreeMap$KeySpliterator done
Event: 105.166 loading class java/io/NotSerializableException
Event: 105.171 loading class java/io/NotSerializableException done
Event: 106.954 loading class java/util/concurrent/ConcurrentLinkedQueue$Itr
Event: 106.955 loading class java/util/concurrent/ConcurrentLinkedQueue$Itr done


Dynamic libraries:
0x00007ff63c760000 - 0x00007ff63c770000 	C:\Program Files\Java\jdk-17.0.2\bin\java.exe
0x00007ffbd6630000 - 0x00007ffbd6846000 	C:\WINDOWS\SYSTEM32\ntdll.dll
0x00007ffbd5a90000 - 0x00007ffbd5b54000 	C:\WINDOWS\System32\KERNEL32.DLL
0x00007ffbd3cf0000 - 0x00007ffbd4096000 	C:\WINDOWS\System32\KERNELBASE.dll
0x00007ffbd3ab0000 - 0x00007ffbd3bc1000 	C:\WINDOWS\System32\ucrtbase.dll
0x00007ffbb9560000 - 0x00007ffbb9578000 	C:\Program Files\Java\jdk-17.0.2\bin\jli.dll
0x00007ffbd6530000 - 0x00007ffbd65e2000 	C:\WINDOWS\System32\ADVAPI32.dll
0x00007ffbd5080000 - 0x00007ffbd5127000 	C:\WINDOWS\System32\msvcrt.dll
0x00007ffbd6210000 - 0x00007ffbd62b8000 	C:\WINDOWS\System32\sechost.dll
0x00007ffbd4290000 - 0x00007ffbd42b8000 	C:\WINDOWS\System32\bcrypt.dll
0x00007ffbd5b70000 - 0x00007ffbd5c85000 	C:\WINDOWS\System32\RPCRT4.dll
0x00007ffbd4e90000 - 0x00007ffbd503d000 	C:\WINDOWS\System32\USER32.dll
0x00007ffbd3a80000 - 0x00007ffbd3aa6000 	C:\WINDOWS\System32\win32u.dll
0x00007ffbd5040000 - 0x00007ffbd5069000 	C:\WINDOWS\System32\GDI32.dll
0x00007ffbd3bd0000 - 0x00007ffbd3ce8000 	C:\WINDOWS\System32\gdi32full.dll
0x00007ffbd39e0000 - 0x00007ffbd3a7a000 	C:\WINDOWS\System32\msvcp_win.dll
0x00007ffbb94e0000 - 0x00007ffbb94fa000 	C:\Program Files\Java\jdk-17.0.2\bin\VCRUNTIME140.dll
0x00007ffbc15a0000 - 0x00007ffbc1833000 	C:\WINDOWS\WinSxS\amd64_microsoft.windows.common-controls_6595b64144ccf1df_6.0.22621.3235_none_270f74e173860f98\COMCTL32.dll
0x00007ffbcc710000 - 0x00007ffbcc71a000 	C:\WINDOWS\SYSTEM32\VERSION.dll
0x00007ffbd5dc0000 - 0x00007ffbd5df1000 	C:\WINDOWS\System32\IMM32.DLL
0x00007ffbd0d10000 - 0x00007ffbd0d1c000 	C:\Program Files\Java\jdk-17.0.2\bin\vcruntime140_1.dll
0x00007ffb97f10000 - 0x00007ffb97f9d000 	C:\Program Files\Java\jdk-17.0.2\bin\msvcp140.dll
0x00007ffb3f5c0000 - 0x00007ffb40181000 	C:\Program Files\Java\jdk-17.0.2\bin\server\jvm.dll
0x00007ffbd5070000 - 0x00007ffbd5078000 	C:\WINDOWS\System32\PSAPI.DLL
0x00007ffb99cd0000 - 0x00007ffb99cd9000 	C:\WINDOWS\SYSTEM32\WSOCK32.dll
0x00007ffbd5130000 - 0x00007ffbd51a1000 	C:\WINDOWS\System32\WS2_32.dll
0x00007ffbcc720000 - 0x00007ffbcc754000 	C:\WINDOWS\SYSTEM32\WINMM.dll
0x00007ffbd2920000 - 0x00007ffbd2938000 	C:\WINDOWS\SYSTEM32\kernel.appcore.dll
0x00007ffbcc6b0000 - 0x00007ffbcc6ba000 	C:\Program Files\Java\jdk-17.0.2\bin\jimage.dll
0x00007ffbbda00000 - 0x00007ffbbdc33000 	C:\WINDOWS\SYSTEM32\DBGHELP.DLL
0x00007ffbd5e60000 - 0x00007ffbd61e8000 	C:\WINDOWS\System32\combase.dll
0x00007ffbd62c0000 - 0x00007ffbd6397000 	C:\WINDOWS\System32\OLEAUT32.dll
0x00007ffbb76f0000 - 0x00007ffbb7722000 	C:\WINDOWS\SYSTEM32\dbgcore.DLL
0x00007ffbd40a0000 - 0x00007ffbd411a000 	C:\WINDOWS\System32\bcryptPrimitives.dll
0x00007ffbae5f0000 - 0x00007ffbae615000 	C:\Program Files\Java\jdk-17.0.2\bin\java.dll
0x00007ffb6b2f0000 - 0x00007ffb6b3c6000 	C:\Program Files\Java\jdk-17.0.2\bin\jsvml.dll
0x00007ffbd4630000 - 0x00007ffbd4e8c000 	C:\WINDOWS\System32\SHELL32.dll
0x00007ffbd1880000 - 0x00007ffbd2178000 	C:\WINDOWS\SYSTEM32\windows.storage.dll
0x00007ffbd1740000 - 0x00007ffbd187e000 	C:\WINDOWS\SYSTEM32\wintypes.dll
0x00007ffbd4530000 - 0x00007ffbd4623000 	C:\WINDOWS\System32\SHCORE.dll
0x00007ffbd51b0000 - 0x00007ffbd520e000 	C:\WINDOWS\System32\shlwapi.dll
0x00007ffbd38a0000 - 0x00007ffbd38c6000 	C:\WINDOWS\SYSTEM32\profapi.dll
0x00007ffbb94c0000 - 0x00007ffbb94d9000 	C:\Program Files\Java\jdk-17.0.2\bin\net.dll
0x00007ffbcb990000 - 0x00007ffbcbac7000 	C:\WINDOWS\SYSTEM32\WINHTTP.dll
0x00007ffbd2e10000 - 0x00007ffbd2e79000 	C:\WINDOWS\system32\mswsock.dll
0x00007ffbb6620000 - 0x00007ffbb6636000 	C:\Program Files\Java\jdk-17.0.2\bin\nio.dll
0x00007ffbae520000 - 0x00007ffbae538000 	C:\Program Files\Java\jdk-17.0.2\bin\zip.dll
0x00007ffbcaf30000 - 0x00007ffbcaf40000 	C:\Program Files\Java\jdk-17.0.2\bin\verify.dll
0x00007ffbadee0000 - 0x00007ffbadf07000 	C:\Users\User\.gradle\native\e1d6ef7f7dcc3fd88c89a11ec53ec762bb8ba0a96d01ffa2cd45eb1d1d8dd5c5\windows-amd64\native-platform.dll
0x00007ffb5bc00000 - 0x00007ffb5bd44000 	C:\Users\User\.gradle\native\0d407fdbe67a94daf76414ababcb853783967236a71b16ec16e742cd7a986fd3\windows-amd64\native-platform-file-events.dll
0x00007ffbcad50000 - 0x00007ffbcad59000 	C:\Program Files\Java\jdk-17.0.2\bin\management.dll
0x00007ffbbfaa0000 - 0x00007ffbbfaab000 	C:\Program Files\Java\jdk-17.0.2\bin\management_ext.dll
0x00007ffbd3080000 - 0x00007ffbd309b000 	C:\WINDOWS\SYSTEM32\CRYPTSP.dll
0x00007ffbd28e0000 - 0x00007ffbd2915000 	C:\WINDOWS\system32\rsaenh.dll
0x00007ffbd2f20000 - 0x00007ffbd2f4c000 	C:\WINDOWS\SYSTEM32\USERENV.dll
0x00007ffbd30a0000 - 0x00007ffbd30ac000 	C:\WINDOWS\SYSTEM32\CRYPTBASE.dll
0x00007ffbd2470000 - 0x00007ffbd249d000 	C:\WINDOWS\SYSTEM32\IPHLPAPI.DLL
0x00007ffbd5b60000 - 0x00007ffbd5b69000 	C:\WINDOWS\System32\NSI.dll
0x00007ffbcb940000 - 0x00007ffbcb959000 	C:\WINDOWS\SYSTEM32\dhcpcsvc6.DLL
0x00007ffbcb920000 - 0x00007ffbcb93f000 	C:\WINDOWS\SYSTEM32\dhcpcsvc.DLL
0x00007ffbd24a0000 - 0x00007ffbd2599000 	C:\WINDOWS\SYSTEM32\DNSAPI.dll
0x00007ffbbecd0000 - 0x00007ffbbecde000 	C:\Program Files\Java\jdk-17.0.2\bin\sunmscapi.dll
0x00007ffbd4120000 - 0x00007ffbd4286000 	C:\WINDOWS\System32\CRYPT32.dll
0x00007ffbd3240000 - 0x00007ffbd326e000 	C:\WINDOWS\SYSTEM32\ncrypt.dll
0x00007ffbd3200000 - 0x00007ffbd3237000 	C:\WINDOWS\SYSTEM32\NTASN1.dll
0x00007ffb78120000 - 0x00007ffb78128000 	C:\WINDOWS\system32\wshunix.dll

dbghelp: loaded successfully - version: 4.0.5 - missing functions: none
symbol engine: initialized successfully - sym options: 0x614 - pdb path: .;C:\Program Files\Java\jdk-17.0.2\bin;C:\WINDOWS\SYSTEM32;C:\WINDOWS\WinSxS\amd64_microsoft.windows.common-controls_6595b64144ccf1df_6.0.22621.3235_none_270f74e173860f98;C:\Program Files\Java\jdk-17.0.2\bin\server;C:\Users\User\.gradle\native\e1d6ef7f7dcc3fd88c89a11ec53ec762bb8ba0a96d01ffa2cd45eb1d1d8dd5c5\windows-amd64;C:\Users\User\.gradle\native\0d407fdbe67a94daf76414ababcb853783967236a71b16ec16e742cd7a986fd3\windows-amd64

VM Arguments:
jvm_args: -XX:MaxMetaspaceSize=512m --add-opens=java.base/java.util=ALL-UNNAMED --add-opens=java.base/java.lang=ALL-UNNAMED --add-opens=java.base/java.lang.invoke=ALL-UNNAMED --add-opens=java.base/java.util=ALL-UNNAMED --add-opens=java.prefs/java.util.prefs=ALL-UNNAMED --add-opens=java.prefs/java.util.prefs=ALL-UNNAMED --add-opens=java.base/java.nio.charset=ALL-UNNAMED --add-opens=java.base/java.net=ALL-UNNAMED --add-opens=java.base/java.util.concurrent.atomic=ALL-UNNAMED -Xmx2048m -Dfile.encoding=windows-1252 -Duser.country=ID -Duser.language=en -Duser.variant 
java_command: org.gradle.launcher.daemon.bootstrap.GradleDaemon 7.5.1
java_class_path (initial): C:\Users\User\.gradle\wrapper\dists\gradle-7.5.1-all\1ehga6e77gqps5uk2kc5kf1vc\gradle-7.5.1\lib\gradle-launcher-7.5.1.jar
Launcher Type: SUN_STANDARD

[Global flags]
     intx CICompilerCount                          = 2                                         {product} {ergonomic}
   size_t CompressedClassSpaceSize                 = 432013312                                 {product} {ergonomic}
     uint ConcGCThreads                            = 1                                         {product} {ergonomic}
     uint G1ConcRefinementThreads                  = 2                                         {product} {ergonomic}
   size_t G1HeapRegionSize                         = 1048576                                   {product} {ergonomic}
    uintx GCDrainStackTargetSize                   = 64                                        {product} {ergonomic}
   size_t InitialHeapSize                          = 58720256                                  {product} {ergonomic}
   size_t MarkStackSize                            = 4194304                                   {product} {ergonomic}
   size_t MaxHeapSize                              = 2147483648                                {product} {command line}
   size_t MaxMetaspaceSize                         = 536870912                                 {product} {command line}
   size_t MaxNewSize                               = 1287651328                                {product} {ergonomic}
   size_t MinHeapDeltaBytes                        = 1048576                                   {product} {ergonomic}
   size_t MinHeapSize                              = 8388608                                   {product} {ergonomic}
    uintx NonNMethodCodeHeapSize                   = 5826188                                {pd product} {ergonomic}
    uintx NonProfiledCodeHeapSize                  = 122916026                              {pd product} {ergonomic}
    uintx ProfiledCodeHeapSize                     = 122916026                              {pd product} {ergonomic}
    uintx ReservedCodeCacheSize                    = 251658240                              {pd product} {ergonomic}
     bool SegmentedCodeCache                       = true                                      {product} {ergonomic}
   size_t SoftMaxHeapSize                          = 2147483648                             {manageable} {ergonomic}
     bool UseCompressedClassPointers               = true                           {product lp64_product} {ergonomic}
     bool UseCompressedOops                        = true                           {product lp64_product} {ergonomic}
     bool UseG1GC                                  = true                                      {product} {ergonomic}
     bool UseLargePagesIndividualAllocation        = false                                  {pd product} {ergonomic}

Logging:
Log output configuration:
 #0: stdout all=warning uptime,level,tags
 #1: stderr all=off uptime,level,tags

Environment Variables:
CLASSPATH=C:\Users\User\Project\Projectnew\android\\gradle\wrapper\gradle-wrapper.jar
PATH=C:\Users\User\Project\Projectnew\node_modules\.bin;C:\Users\User\Project\Projectnew\node_modules\.bin;C:\Users\User\Project\node_modules\.bin;C:\Users\User\node_modules\.bin;C:\Users\node_modules\.bin;C:\node_modules\.bin;C:\Program Files\nodejs\node_modules\npm\node_modules\@npmcli\run-script\lib\node-gyp-bin;C:\Users\User\Project\Projectnew\node_modules\.bin;C:\Users\User\Project\node_modules\.bin;C:\Users\User\node_modules\.bin;C:\Users\node_modules\.bin;C:\node_modules\.bin;C:\Program Files\nodejs\node_modules\npm\node_modules\@npmcli\run-script\lib\node-gyp-bin;C:\Python311\Scripts\;C:\Python311\;C:\Program Files\Common Files\Oracle\Java\javapath;C:\WINDOWS\system32;C:\WINDOWS;C:\WINDOWS\System32\Wbem;C:\WINDOWS\System32\WindowsPowerShell\v1.0\;C:\WINDOWS\System32\OpenSSH\;C:\xampp\php;C:\ProgramData\chocolatey\bin;C:\Program Files\nodejs\;C:\Program Files\Git\cmd;C:\Users\User\AppData\Local\Android\Sdk\platform-tools;C:\Users\User\AppData\Local\Android\Sdk\tools;C:\Users\User\AppData\Local\Microsoft\WindowsApps;C:\Users\User\AppData\Local\Programs\Microsoft VS Code\bin;C:\Users\User\AppData\Roaming\npm;
USERNAME=User
LANG=en_US.UTF-8
OS=Windows_NT
PROCESSOR_IDENTIFIER=AMD64 Family 23 Model 24 Stepping 1, AuthenticAMD



---------------  S Y S T E M  ---------------

OS:
 Windows 11 , 64 bit Build 22621 (10.0.22621.3235)
OS uptime: 0 days 2:04 hours
Hyper-V role detected

CPU: total 2 (initial active 2) (2 cores per cpu, 1 threads per core) family 23 model 24 stepping 1 microcode 0x0, cx8, cmov, fxsr, mmx, 3dnowpref, sse, sse2, sse3, ssse3, sse4a, sse4.1, sse4.2, popcnt, lzcnt, tsc, tscinvbit, avx, avx2, aes, clmul, bmi1, bmi2, adx, sha, fma, vzeroupper, clflush, clflushopt, hv

Memory: 4k page, system-wide physical 3499M (266M free)
TotalPageFile size 14251M (AvailPageFile size 107M)
current process WorkingSet (physical memory assigned to process): 220M, peak: 227M
current process commit charge ("private bytes"): 300M, peak: 432M

vm_info: Java HotSpot(TM) 64-Bit Server VM (17.0.2+8-LTS-86) for windows-amd64 JRE (17.0.2+8-LTS-86), built on Dec  7 2021 21:51:03 by "mach5one" with MS VC++ 16.8 / 16.9 (VS2019)

END.
